c:\users\lkw\downloads\littleminecraft\littleminecraft\debug\vc143.pdb
c:\users\lkw\downloads\littleminecraft\littleminecraft\debug\vc143.idb
c:\users\lkw\downloads\littleminecraft\littleminecraft\debug\sheepfactory.obj
c:\users\lkw\downloads\littleminecraft\littleminecraft\debug\creaturefactory.obj
c:\users\lkw\downloads\littleminecraft\littleminecraft\debug\sheep.obj
c:\users\lkw\downloads\littleminecraft\littleminecraft\debug\sharpening.obj
c:\users\lkw\downloads\littleminecraft\littleminecraft\debug\lookvisitor.obj
c:\users\lkw\downloads\littleminecraft\littleminecraft\debug\player.obj
c:\users\lkw\downloads\littleminecraft\littleminecraft\debug\pigfactory.obj
c:\users\lkw\downloads\littleminecraft\littleminecraft\debug\pig.obj
c:\users\lkw\downloads\littleminecraft\littleminecraft\debug\makesoundvisitor.obj
c:\users\lkw\downloads\littleminecraft\littleminecraft\debug\main.obj
c:\users\lkw\downloads\littleminecraft\littleminecraft\debug\itemmap.obj
c:\users\lkw\downloads\littleminecraft\littleminecraft\debug\itemenchancement.obj
c:\users\lkw\downloads\littleminecraft\littleminecraft\debug\item.obj
c:\users\lkw\downloads\littleminecraft\littleminecraft\debug\inventoryiterator.obj
c:\users\lkw\downloads\littleminecraft\littleminecraft\debug\gameengine.obj
c:\users\lkw\downloads\littleminecraft\littleminecraft\debug\flame.obj
c:\users\lkw\downloads\littleminecraft\littleminecraft\debug\creature.obj
c:\users\lkw\downloads\littleminecraft\littleminecraft\debug\cowfactory.obj
c:\users\lkw\downloads\littleminecraft\littleminecraft\debug\cow.obj
c:\users\lkw\downloads\littleminecraft\littleminecraft\debug\baseitem.obj
c:\users\lkw\downloads\littleminecraft\littleminecraft\debug\visitor.obj
c:\users\lkw\downloads\littleminecraft\littleminecraft\debug\toughness.obj
c:\users\lkw\downloads\littleminecraft\littleminecraft\debug\littleminecraft.tlog\cl.command.1.tlog
c:\users\lkw\downloads\littleminecraft\littleminecraft\debug\littleminecraft.tlog\cl.read.1.tlog
c:\users\lkw\downloads\littleminecraft\littleminecraft\debug\littleminecraft.tlog\cl.write.1.tlog
c:\users\lkw\downloads\littleminecraft\littleminecraft\debug\littleminecraft.tlog\link.command.1.tlog
c:\users\lkw\downloads\littleminecraft\littleminecraft\debug\littleminecraft.tlog\link.read.1.tlog
c:\users\lkw\downloads\littleminecraft\littleminecraft\debug\littleminecraft.tlog\link.write.1.tlog
